INFO  12:24:10 Application started. Press Ctrl+C to shut down.
INFO  12:24:10 Hosting environment: Development
INFO  12:24:10 Content root path: D:\POD5_AuditManagement_MFPE\AuditChecklistModule
INFO  07:36:11 Application started. Press Ctrl+C to shut down.
INFO  07:36:11 Hosting environment: Development
INFO  07:36:11 Content root path: D:\POD5_AuditManagement_MFPE\AuditChecklistModule
INFO  07:45:39 AuditChecklistController Http GET request calledAuditChecklistController
INFO  07:45:39  Http GET request calledChecklistService
INFO  07:45:39 Log from ChecklistRepo
INFO  07:46:29 AuditChecklistController Http GET request calledAuditChecklistController
INFO  07:46:29  Http GET request calledChecklistService
INFO  07:46:29 Log from ChecklistRepo
INFO  07:47:49 AuditChecklistController Http GET request calledAuditChecklistController
INFO  07:47:49  Http GET request calledChecklistService
INFO  07:47:49 Log from ChecklistRepo
INFO  07:50:31 AuditChecklistController Http GET request calledAuditChecklistController
INFO  07:50:31  Http GET request calledChecklistService
INFO  07:50:31 Log from ChecklistRepo
INFO  07:53:52 AuditChecklistController Http GET request calledAuditChecklistController
INFO  07:53:52  Http GET request calledChecklistService
INFO  07:53:52 Log from ChecklistRepo
INFO  07:55:49 AuditChecklistController Http GET request calledAuditChecklistController
INFO  07:55:49  Http GET request calledChecklistService
INFO  07:55:49 Log from ChecklistRepo
INFO  08:06:18 AuditChecklistController Http GET request calledAuditChecklistController
INFO  08:06:18  Http GET request calledChecklistService
INFO  08:06:18 Log from ChecklistRepo
INFO  08:08:11 AuditChecklistController Http GET request calledAuditChecklistController
INFO  08:08:11  Http GET request calledChecklistService
INFO  08:08:11 Log from ChecklistRepo
INFO  08:40:24 AuditChecklistController Http GET request calledAuditChecklistController
INFO  08:40:24  Http GET request calledChecklistService
INFO  08:40:24 Log from ChecklistRepo
INFO  08:49:12 AuditChecklistController Http GET request calledAuditChecklistController
INFO  08:49:12  Http GET request calledChecklistService
INFO  08:49:12 Log from ChecklistRepo
INFO  10:44:55 Application started. Press Ctrl+C to shut down.
INFO  10:44:55 Hosting environment: Development
INFO  10:44:55 Content root path: D:\POD5_AuditManagement_MFPE\AuditChecklistModule
INFO  10:51:41 AuditChecklistController Http GET request calledAuditChecklistController
INFO  10:51:41  Http GET request calledChecklistService
INFO  10:51:41 Log from ChecklistRepo
INFO  10:53:29 AuditChecklistController Http GET request calledAuditChecklistController
INFO  10:53:29  Http GET request calledChecklistService
INFO  10:53:29 Log from ChecklistRepo
INFO  10:56:06 AuditChecklistController Http GET request calledAuditChecklistController
INFO  10:56:06  Http GET request calledChecklistService
INFO  10:56:06 Log from ChecklistRepo
INFO  01:13:59 Application started. Press Ctrl+C to shut down.
INFO  01:13:59 Hosting environment: Development
INFO  01:13:59 Content root path: D:\POD5_AuditManagement_MFPE\AuditChecklistModule
INFO  01:17:11 Application started. Press Ctrl+C to shut down.
INFO  01:17:11 Hosting environment: Development
INFO  01:17:11 Content root path: D:\POD5_AuditManagement_MFPE\AuditChecklistModule
INFO  01:18:19 AuditChecklistController Http GET request calledAuditChecklistController
INFO  01:18:19  Http GET request calledChecklistService
INFO  01:18:19 Log from ChecklistRepo
INFO  01:27:08 AuditChecklistController Http GET request calledAuditChecklistController
INFO  01:27:08  Http GET request calledChecklistService
INFO  01:27:08 Log from ChecklistRepo
INFO  01:30:38 AuditChecklistController Http GET request calledAuditChecklistController
INFO  01:30:38  Http GET request calledChecklistService
INFO  01:30:38 Log from ChecklistRepo
INFO  01:31:59 AuditChecklistController Http GET request calledAuditChecklistController
INFO  01:31:59  Http GET request calledChecklistService
INFO  01:31:59 Log from ChecklistRepo
INFO  01:38:13 AuditChecklistController Http GET request calledAuditChecklistController
INFO  01:38:13  Http GET request calledChecklistService
INFO  01:38:13 Log from ChecklistRepo
INFO  01:39:10 AuditChecklistController Http GET request calledAuditChecklistController
INFO  01:39:10  Http GET request calledChecklistService
INFO  01:39:10 Log from ChecklistRepo
INFO  01:41:34 AuditChecklistController Http GET request calledAuditChecklistController
INFO  01:41:34  Http GET request calledChecklistService
INFO  01:41:34 Log from ChecklistRepo
INFO  01:45:23 AuditChecklistController Http GET request calledAuditChecklistController
INFO  01:45:23  Http GET request calledChecklistService
INFO  01:45:23 Log from ChecklistRepo
INFO  01:56:28 AuditChecklistController Http GET request calledAuditChecklistController
INFO  01:56:28  Http GET request calledChecklistService
INFO  01:56:28 Log from ChecklistRepo
INFO  01:57:22 AuditChecklistController Http GET request calledAuditChecklistController
INFO  01:57:22  Http GET request calledChecklistService
INFO  01:57:22 Log from ChecklistRepo
INFO  01:58:19 AuditChecklistController Http GET request calledAuditChecklistController
INFO  01:58:19  Http GET request calledChecklistService
INFO  01:58:19 Log from ChecklistRepo
INFO  02:06:48 Application started. Press Ctrl+C to shut down.
INFO  02:06:48 Hosting environment: Development
INFO  02:06:48 Content root path: D:\POD5_AuditManagement_MFPE\AuditChecklistModule
INFO  02:10:18 AuditChecklistController Http GET request calledAuditChecklistController
INFO  02:10:18  Http GET request calledChecklistService
INFO  02:10:18 Log from ChecklistRepo
INFO  02:37:53 Application started. Press Ctrl+C to shut down.
INFO  02:37:53 Hosting environment: Development
INFO  02:37:53 Content root path: E:\Audit Management\POD5_AuditManagement_MFPE\AuditChecklistModule
INFO  02:40:41 AuditChecklistController Http GET request calledAuditChecklistController
INFO  02:40:41  Http GET request calledChecklistService
INFO  02:40:41 Log from ChecklistRepo
INFO  02:41:46 AuditChecklistController Http GET request calledAuditChecklistController
INFO  02:41:46  Http GET request calledChecklistService
INFO  02:41:46 Log from ChecklistRepo
INFO  02:42:11 AuditChecklistController Http GET request calledAuditChecklistController
INFO  02:42:11  Http GET request calledChecklistService
INFO  02:42:11 Log from ChecklistRepo
INFO  02:43:30 AuditChecklistController Http GET request calledAuditChecklistController
INFO  02:43:30  Http GET request calledChecklistService
INFO  02:43:30 Log from ChecklistRepo
INFO  03:04:16 AuditChecklistController Http GET request calledAuditChecklistController
INFO  03:04:16  Http GET request calledChecklistService
INFO  03:04:16 Log from ChecklistRepo
INFO  03:08:18 AuditChecklistController Http GET request calledAuditChecklistController
INFO  03:08:18  Http GET request calledChecklistService
INFO  03:08:18 Log from ChecklistRepo
INFO  03:12:26 AuditChecklistController Http GET request calledAuditChecklistController
INFO  03:12:26  Http GET request calledChecklistService
INFO  03:12:26 Log from ChecklistRepo
INFO  03:14:01 AuditChecklistController Http GET request calledAuditChecklistController
INFO  03:14:01  Http GET request calledChecklistService
INFO  03:14:01 Log from ChecklistRepo
INFO  03:14:22 AuditChecklistController Http GET request calledAuditChecklistController
INFO  03:14:22  Http GET request calledChecklistService
INFO  03:14:22 Log from ChecklistRepo
INFO  03:15:33 AuditChecklistController Http GET request calledAuditChecklistController
INFO  03:15:33  Http GET request calledChecklistService
INFO  03:15:33 Log from ChecklistRepo
INFO  03:16:01 AuditChecklistController Http GET request calledAuditChecklistController
INFO  03:16:01  Http GET request calledChecklistService
INFO  03:16:01 Log from ChecklistRepo
INFO  03:16:29 AuditChecklistController Http GET request calledAuditChecklistController
INFO  03:16:29  Http GET request calledChecklistService
INFO  03:16:29 Log from ChecklistRepo
INFO  03:19:48 AuditChecklistController Http GET request calledAuditChecklistController
INFO  03:19:48  Http GET request calledChecklistService
INFO  03:19:48 Log from ChecklistRepo
INFO  03:46:03 AuditChecklistController Http GET request calledAuditChecklistController
INFO  03:46:03  Http GET request calledChecklistService
INFO  03:46:03 Log from ChecklistRepo
INFO  03:55:29 AuditChecklistController Http GET request calledAuditChecklistController
INFO  03:55:29  Http GET request calledChecklistService
INFO  03:55:29 Log from ChecklistRepo
INFO  04:04:36 AuditChecklistController Http GET request calledAuditChecklistController
INFO  04:04:36  Http GET request calledChecklistService
INFO  04:04:36 Log from ChecklistRepo
INFO  04:08:54 AuditChecklistController Http GET request calledAuditChecklistController
INFO  04:08:54  Http GET request calledChecklistService
INFO  04:08:54 Log from ChecklistRepo
INFO  04:09:32 AuditChecklistController Http GET request calledAuditChecklistController
INFO  04:09:32  Http GET request calledChecklistService
INFO  04:09:32 Log from ChecklistRepo
INFO  04:17:59 AuditChecklistController Http GET request calledAuditChecklistController
INFO  04:17:59  Http GET request calledChecklistService
INFO  04:17:59 Log from ChecklistRepo
INFO  04:18:01 AuditChecklistController Http GET request calledAuditChecklistController
INFO  04:18:01  Http GET request calledChecklistService
INFO  04:18:01 Log from ChecklistRepo
INFO  04:18:06 AuditChecklistController Http GET request calledAuditChecklistController
INFO  04:18:06  Http GET request calledChecklistService
INFO  04:18:06 Log from ChecklistRepo
INFO  04:18:09 AuditChecklistController Http GET request calledAuditChecklistController
INFO  04:18:09  Http GET request calledChecklistService
INFO  04:18:09 Log from ChecklistRepo
INFO  04:18:17 AuditChecklistController Http GET request calledAuditChecklistController
INFO  04:18:17  Http GET request calledChecklistService
INFO  04:18:17 Log from ChecklistRepo
INFO  04:19:04 AuditChecklistController Http GET request calledAuditChecklistController
INFO  04:19:04  Http GET request calledChecklistService
INFO  04:19:04 Log from ChecklistRepo
INFO  04:19:07 AuditChecklistController Http GET request calledAuditChecklistController
INFO  04:19:07  Http GET request calledChecklistService
INFO  04:19:07 Log from ChecklistRepo
INFO  04:19:20 AuditChecklistController Http GET request calledAuditChecklistController
INFO  04:19:20  Http GET request calledChecklistService
INFO  04:19:20 Log from ChecklistRepo
INFO  04:19:38 AuditChecklistController Http GET request calledAuditChecklistController
INFO  04:19:38  Http GET request calledChecklistService
INFO  04:19:38 Log from ChecklistRepo
INFO  04:20:09 AuditChecklistController Http GET request calledAuditChecklistController
INFO  04:20:09  Http GET request calledChecklistService
INFO  04:20:09 Log from ChecklistRepo
INFO  04:20:30 AuditChecklistController Http GET request calledAuditChecklistController
INFO  04:20:30  Http GET request calledChecklistService
INFO  04:20:30 Log from ChecklistRepo
INFO  04:20:43 AuditChecklistController Http GET request calledAuditChecklistController
INFO  04:20:43  Http GET request calledChecklistService
INFO  04:20:43 Log from ChecklistRepo
INFO  04:20:59 AuditChecklistController Http GET request calledAuditChecklistController
INFO  04:20:59  Http GET request calledChecklistService
INFO  04:20:59 Log from ChecklistRepo
INFO  04:22:56 AuditChecklistController Http GET request calledAuditChecklistController
INFO  04:22:56  Http GET request calledChecklistService
INFO  04:22:56 Log from ChecklistRepo
INFO  04:24:04 AuditChecklistController Http GET request calledAuditChecklistController
INFO  04:24:04  Http GET request calledChecklistService
INFO  04:24:04 Log from ChecklistRepo
INFO  04:24:28 AuditChecklistController Http GET request calledAuditChecklistController
INFO  04:24:28  Http GET request calledChecklistService
INFO  04:24:28 Log from ChecklistRepo
INFO  04:35:17 AuditChecklistController Http GET request calledAuditChecklistController
INFO  04:35:17  Http GET request calledChecklistService
INFO  04:35:17 Log from ChecklistRepo
INFO  04:35:21 AuditChecklistController Http GET request calledAuditChecklistController
INFO  04:35:21  Http GET request calledChecklistService
INFO  04:35:21 Log from ChecklistRepo
INFO  04:35:24 AuditChecklistController Http GET request calledAuditChecklistController
INFO  04:35:24  Http GET request calledChecklistService
INFO  04:35:24 Log from ChecklistRepo
INFO  04:38:29 AuditChecklistController Http GET request calledAuditChecklistController
INFO  04:38:29  Http GET request calledChecklistService
INFO  04:38:29 Log from ChecklistRepo
INFO  04:38:33 AuditChecklistController Http GET request calledAuditChecklistController
INFO  04:38:33  Http GET request calledChecklistService
INFO  04:38:33 Log from ChecklistRepo
INFO  04:38:43 AuditChecklistController Http GET request calledAuditChecklistController
INFO  04:38:43  Http GET request calledChecklistService
INFO  04:38:43 Log from ChecklistRepo
INFO  04:41:05 AuditChecklistController Http GET request calledAuditChecklistController
INFO  04:41:05  Http GET request calledChecklistService
INFO  04:41:05 Log from ChecklistRepo
INFO  04:43:39 AuditChecklistController Http GET request calledAuditChecklistController
INFO  04:43:39  Http GET request calledChecklistService
INFO  04:43:39 Log from ChecklistRepo
INFO  04:47:13 AuditChecklistController Http GET request calledAuditChecklistController
INFO  04:47:13  Http GET request calledChecklistService
INFO  04:47:13 Log from ChecklistRepo
INFO  04:49:22 AuditChecklistController Http GET request calledAuditChecklistController
INFO  04:49:22  Http GET request calledChecklistService
INFO  04:49:22 Log from ChecklistRepo
INFO  12:13:32 Application started. Press Ctrl+C to shut down.
INFO  12:13:32 Hosting environment: Development
INFO  12:13:32 Content root path: E:\Audit Management\POD5_AuditManagement_MFPE\AuditChecklistModule
INFO  12:15:50 AuditChecklistController Http GET request calledAuditChecklistController
INFO  12:15:50  Http GET request calledChecklistService
INFO  12:15:50 Log from ChecklistRepo
INFO  12:18:51 AuditChecklistController Http GET request calledAuditChecklistController
INFO  12:18:51  Http GET request calledChecklistService
INFO  12:18:51 Log from ChecklistRepo
INFO  12:21:29 AuditChecklistController Http GET request calledAuditChecklistController
INFO  12:21:29  Http GET request calledChecklistService
INFO  12:21:29 Log from ChecklistRepo
INFO  05:27:19 Application started. Press Ctrl+C to shut down.
INFO  05:27:20 Hosting environment: Development
INFO  05:27:20 Content root path: E:\Audit Management\POD5_AuditManagement_MFPE\AuditChecklistModule
INFO  05:28:20 AuditChecklistController Http GET request calledAuditChecklistController
INFO  05:28:20  Http GET request calledChecklistService
INFO  05:28:20 Log from ChecklistRepo
INFO  05:32:20 Application started. Press Ctrl+C to shut down.
INFO  05:32:20 Hosting environment: Development
INFO  05:32:20 Content root path: E:\Audit Management\POD5_AuditManagement_MFPE\AuditChecklistModule
INFO  05:35:23 AuditChecklistController Http GET request calledAuditChecklistController
INFO  05:35:23  Http GET request calledChecklistService
INFO  05:35:23 Log from ChecklistRepo
INFO  06:22:30 Application started. Press Ctrl+C to shut down.
INFO  06:22:30 Hosting environment: Development
INFO  06:22:30 Content root path: E:\Audit Management\POD5_AuditManagement_MFPE\AuditChecklistModule
INFO  06:23:51 AuditChecklistController Http GET request calledAuditChecklistController
INFO  06:23:51  Http GET request calledChecklistService
INFO  06:23:51 Log from ChecklistRepo
INFO  10:20:17 Application started. Press Ctrl+C to shut down.
INFO  10:20:17 Hosting environment: Development
INFO  10:20:17 Content root path: C:\Users\BHAVITHA\Downloads\POD5_AuditManagement_MFPE 2\POD5_AuditManagement_MFPE\AuditChecklistModule
INFO  10:27:29 Application started. Press Ctrl+C to shut down.
INFO  10:27:29 Hosting environment: Development
INFO  10:27:29 Content root path: C:\Users\BHAVITHA\Downloads\POD5_AuditManagement_MFPE 2\POD5_AuditManagement_MFPE\AuditChecklistModule
INFO  10:32:13 AuditChecklistController Http GET request calledAuditChecklistController
INFO  10:32:13  Http GET request calledChecklistService
INFO  10:32:13 Log from ChecklistRepo
